<?xml version="1.0" encoding="UTF-8"?>
<!-- Generated by org.testng.reporters.JUnitReportReporter -->
<testsuite hostname="PRATHEEKA-LAPTOP" failures="0" tests="1" name="com.inetBanking.testcases.Tc_001_LoginTest" time="6.251" errors="0" timestamp="2021-03-23T15:39:14 IST" skipped="0">
  <testcase classname="com.inetBanking.testcases.Tc_001_LoginTest" name="LoginTest" time="6.251"/>
  <system-out/>
</testsuite> <!-- com.inetBanking.testcases.Tc_001_LoginTest -->
