<?xml version="1.0" encoding="UTF-8"?>
<!-- Generated by org.testng.reporters.JUnitReportReporter -->
<testsuite skipped="0" hostname="PRATHEEKA-LAPTOP" name="TravelPHP.LoginTest" tests="1" failures="0" timestamp="18 May 2021 07:59:42 GMT" time="19.523" errors="0">
  <testcase name="Login" time="19.523" classname="TravelPHP.LoginTest"/>
</testsuite> <!-- TravelPHP.LoginTest -->
