<?xml version="1.0" encoding="UTF-8"?>
<!-- Generated by org.testng.reporters.JUnitReportReporter -->
<testsuite skipped="0" hostname="PRATHEEKA-LAPTOP" name="com.facebook.testcases.Tc_001_LoginTest" tests="1" failures="0" timestamp="2021-06-03T15:32:25 IST" time="13.090" errors="0">
  <testcase name="LoginTest" time="13.090" classname="com.facebook.testcases.Tc_001_LoginTest"/>
  <system-out/>
</testsuite> <!-- com.facebook.testcases.Tc_001_LoginTest -->
