<?xml version="1.0" encoding="UTF-8"?>
<!-- Generated by org.testng.reporters.JUnitReportReporter -->
<testsuite skipped="0" hostname="PRATHEEKA-LAPTOP" name="com.facebook.testcases.Tc_003_CreatePostTest" tests="1" failures="0" timestamp="2021-06-03T22:59:24 IST" time="69.942" errors="0">
  <testcase name="CreatePostTest" time="69.942" classname="com.facebook.testcases.Tc_003_CreatePostTest"/>
  <system-out/>
</testsuite> <!-- com.facebook.testcases.Tc_003_CreatePostTest -->
