<?xml version="1.0" encoding="UTF-8"?>
<!-- Generated by org.testng.reporters.JUnitReportReporter -->
<testsuite skipped="0" hostname="PRATHEEKA-LAPTOP" name="com.inetBanking.testcases.Tc_002_SearchFlights" tests="1" failures="0" timestamp="2021-05-27T00:03:18 IST" time="69.948" errors="0">
  <testcase name="clickHomeMenu" time="69.948" classname="com.inetBanking.testcases.Tc_002_SearchFlights"/>
  <system-out/>
</testsuite> <!-- com.inetBanking.testcases.Tc_002_SearchFlights -->
