<?xml version="1.0" encoding="UTF-8"?>
<!-- Generated by org.testng.reporters.JUnitReportReporter -->
<testsuite skipped="0" hostname="PRATHEEKA-LAPTOP" name="com.inetBanking.testcases.Tc_001_LoginTest" tests="1" failures="0" timestamp="2021-05-19T00:16:24 IST" time="15.955" errors="0">
  <testcase name="LoginTest" time="15.955" classname="com.inetBanking.testcases.Tc_001_LoginTest"/>
  <system-out/>
</testsuite> <!-- com.inetBanking.testcases.Tc_001_LoginTest -->
