<?xml version="1.0" encoding="UTF-8"?>
<!-- Generated by org.testng.reporters.JUnitReportReporter -->
<testsuite hostname="PRATHEEKA-LAPTOP" failures="0" tests="1" name="com.inetBanking.testcases.Tc_003_AddCustomer" time="28.400" errors="0" timestamp="2021-03-23T20:37:00 IST" skipped="0">
  <testcase classname="com.inetBanking.testcases.Tc_003_AddCustomer" name="AddnewCustomer" time="28.400"/>
  <system-out/>
</testsuite> <!-- com.inetBanking.testcases.Tc_003_AddCustomer -->
